This file contains any messages produced by compilers while
running configure, to aid debugging if configure makes a mistake.

It was created by riece configure 8.0.0, which was
generated by GNU Autoconf 2.68.  Invocation command line was

  $ ./configure --prefix=/c/Users/Yokoyama/.emacs.d/site-lisp/

## --------- ##
## Platform. ##
## --------- ##

hostname = Yokoyama-PC
uname -m = i686
uname -r = 1.0.12(0.46/3/2)
uname -s = MINGW32_NT-6.1
uname -v = 2011-05-22 01:19

/usr/bin/uname -p = unknown
/bin/uname -X     = unknown

/bin/arch              = unknown
/usr/bin/arch -k       = unknown
/usr/convex/getsysinfo = unknown
/usr/bin/hostinfo      = unknown
/bin/machine           = unknown
/usr/bin/oslevel       = unknown
/bin/universe          = unknown

PATH: /c/Users/Yokoyama/bin
PATH: .
PATH: /usr/local/bin
PATH: /mingw/bin
PATH: /bin
PATH: /c/Program Files (x86)/Haskell/bin
PATH: /c/Program Files (x86)/Haskell Platform/2011.2.0.1/lib/extralibs/bin
PATH: /c/Program Files (x86)/Haskell Platform/2011.2.0.1/bin
PATH: /c/oracle/product/10.2.0/client_1/bin
PATH: /c/app/Yokoyama/product/11.2.0/client_1/bin
PATH: /c/Program Files/Common Files/Microsoft Shared/Windows Live
PATH: /c/Program Files (x86)/Common Files/Microsoft Shared/Windows Live
PATH: /c/Windows/system32
PATH: /c/Windows
PATH: /c/Windows/System32/Wbem
PATH: /c/Windows/System32/WindowsPowerShell/v1.0/
PATH: /c/Program Files (x86)/Windows Live/Shared
PATH: /c/Program Files/TortoiseSVN/bin
PATH: /c/Program Files (x86)/Microsoft SQL Server/90/Tools/binn/
PATH: /c/Program Files/WinMerge
PATH: /c/Python27/Scripts
PATH: /c/Program Files/WIDCOMM/Bluetooth Software/
PATH: /c/Program Files/WIDCOMM/Bluetooth Software/syswow64
PATH: /c/Program Files/SlikSvn/bin/
PATH: /c/Program Files (x86)/GNU/GnuPG/pub
PATH: /c/Program Files (x86)/Graphviz 2.28/bin
PATH: /c/Program Files (x86)/doxygen/bin
PATH: /usr/cmd
PATH: /c/Users/Yokoyama/AppData/Roaming/cabal/bin
PATH: /c/Program Files/Gallio/bin
PATH: /c/Python27/Scripts
PATH: /c/gnupack_basic-7.01/app/emacs/emacs/bin
PATH: /c/gnupack_basic-7.01/app/emacs/emacs/bin


## ----------- ##
## Core tests. ##
## ----------- ##

configure:1744: checking for a BSD-compatible install
configure:1812: result: ./install-sh -c
configure:1823: checking whether build environment is sane
configure:1873: result: yes
configure:2014: checking for a thread-safe mkdir -p
configure:2053: result: /bin/mkdir -p
configure:2066: checking for gawk
configure:2082: found /bin/gawk
configure:2093: result: gawk
configure:2104: checking whether make sets $(MAKE)
configure:2130: result: no
configure:2390: checking for emacs
configure:2406: found /c/gnupack_basic-7.01/app/emacs/emacs/bin/emacs
configure:2417: result: emacs
configure:2434: checking what flavor does emacs have
emacs -batch -eval '(let ((x (cond ((featurep (quote xemacs)) "XEmacs") ((boundp (quote MULE)) "MULE") (t "FSF Emacs")))) (write-region (if (stringp x) (princ x) (prin1-to-string x)) nil "./conftest-3168" nil 5))'
FSF Emacs=> FSF Emacs
configure:2475: result: FSF Emacs
configure:2516: checking where lisp files should go
configure:2538: result: $(datadir)/emacs/site-lisp/
configure:2810: creating ./config.status

## ---------------------- ##
## Running config.status. ##
## ---------------------- ##

This file was extended by riece config.status 8.0.0, which was
generated by GNU Autoconf 2.68.  Invocation command line was

  CONFIG_FILES    = 
  CONFIG_HEADERS  = 
  CONFIG_LINKS    = 
  CONFIG_COMMANDS = 
  $ ./config.status 

on Yokoyama-PC

config.status:760: creating Makefile
config.status:760: creating lisp/Makefile
config.status:760: creating lisp/riece-package-info.el
config.status:760: creating lisp/test/Makefile
config.status:760: creating doc/Makefile

## ---------------- ##
## Cache variables. ##
## ---------------- ##

EMACS_cv_SYS_flavor='FSF Emacs'
ac_cv_env_build_alias_set=
ac_cv_env_build_alias_value=
ac_cv_env_host_alias_set=
ac_cv_env_host_alias_value=
ac_cv_env_target_alias_set=
ac_cv_env_target_alias_value=
ac_cv_path_mkdir=/bin/mkdir
ac_cv_prog_AWK=gawk
ac_cv_prog_EMACS=emacs
ac_cv_prog_make_make_set=no

## ----------------- ##
## Output variables. ##
## ----------------- ##

ACLOCAL='${SHELL} /c/Users/Yokoyama/.emacs.d/site-lisp/riece-8.0.0/missing --run aclocal-1.11'
AMTAR='${SHELL} /c/Users/Yokoyama/.emacs.d/site-lisp/riece-8.0.0/missing --run tar'
AUTOCONF='${SHELL} /c/Users/Yokoyama/.emacs.d/site-lisp/riece-8.0.0/missing --run autoconf'
AUTOHEADER='${SHELL} /c/Users/Yokoyama/.emacs.d/site-lisp/riece-8.0.0/missing --run autoheader'
AUTOMAKE='${SHELL} /c/Users/Yokoyama/.emacs.d/site-lisp/riece-8.0.0/missing --run automake-1.11'
AWK='gawk'
CYGPATH_W='echo'
DEFS='-DPACKAGE_NAME=\"riece\" -DPACKAGE_TARNAME=\"riece\" -DPACKAGE_VERSION=\"8.0.0\" -DPACKAGE_STRING=\"riece\ 8.0.0\" -DPACKAGE_BUGREPORT=\"riece-discuss@nongnu.org\" -DPACKAGE_URL=\"\" -DPACKAGE=\"riece\" -DVERSION=\"8.0.0\"'
ECHO_C=''
ECHO_N='-n'
ECHO_T=''
EMACS='emacs'
INSTALL_DATA='${INSTALL} -m 644'
INSTALL_PROGRAM='${INSTALL}'
INSTALL_SCRIPT='${INSTALL}'
INSTALL_STRIP_PROGRAM='$(install_sh) -c -s'
LIBOBJS=''
LIBS=''
LTLIBOBJS=''
MAKEINFO='${SHELL} /c/Users/Yokoyama/.emacs.d/site-lisp/riece-8.0.0/missing --run makeinfo'
MKDIR_P='/bin/mkdir -p'
PACKAGE='riece'
PACKAGEDIR=''
PACKAGE_BUGREPORT='riece-discuss@nongnu.org'
PACKAGE_NAME='riece'
PACKAGE_STRING='riece 8.0.0'
PACKAGE_TARNAME='riece'
PACKAGE_URL=''
PACKAGE_VERSION='8.0.0'
PATH_SEPARATOR=':'
SET_MAKE='MAKE=make'
SHELL='/bin/sh'
STRIP=''
VERSION='8.0.0'
XEMACS='xemacs'
XEMACS_FALSE=''
XEMACS_TRUE='#'
am__isrc=''
am__leading_dot='.'
am__tar='${AMTAR} chof - "$$tardir"'
am__untar='${AMTAR} xf -'
bindir='${exec_prefix}/bin'
build_alias=''
datadir='${datarootdir}'
datarootdir='${prefix}/share'
docdir='${datarootdir}/doc/${PACKAGE_TARNAME}'
dvidir='${docdir}'
exec_prefix='${prefix}'
host_alias=''
htmldir='${docdir}'
includedir='${prefix}/include'
infodir='${datarootdir}/info'
install_sh='${SHELL} /c/Users/Yokoyama/.emacs.d/site-lisp/riece-8.0.0/install-sh'
libdir='${exec_prefix}/lib'
libexecdir='${exec_prefix}/libexec'
lispdir='$(datadir)/emacs/site-lisp/'
localedir='${datarootdir}/locale'
localstatedir='${prefix}/var'
mandir='${datarootdir}/man'
mkdir_p='/bin/mkdir -p'
oldincludedir='/usr/include'
pdfdir='${docdir}'
prefix='/c/Users/Yokoyama/.emacs.d/site-lisp'
program_transform_name='s,x,x,'
psdir='${docdir}'
sbindir='${exec_prefix}/sbin'
sharedstatedir='${prefix}/com'
sysconfdir='${prefix}/etc'
target_alias=''

## ----------- ##
## confdefs.h. ##
## ----------- ##

/* confdefs.h */
#define PACKAGE_NAME "riece"
#define PACKAGE_TARNAME "riece"
#define PACKAGE_VERSION "8.0.0"
#define PACKAGE_STRING "riece 8.0.0"
#define PACKAGE_BUGREPORT "riece-discuss@nongnu.org"
#define PACKAGE_URL ""
#define PACKAGE "riece"
#define VERSION "8.0.0"

configure: exit 0
